0 info it worked if it ends with ok
1 verbose cli [ 'C:\\Program Files\\nodejs\\\\node.exe',
1 verbose cli   'C:\\Program Files\\nodejs\\node_modules\\npm\\bin\\npm-cli.js',
1 verbose cli   'publish' ]
2 info using npm@1.4.28
3 info using node@v0.10.32
4 verbose node symlink C:\Program Files\nodejs\\node.exe
5 verbose publish [ '.' ]
6 verbose cache add [ '.', null ]
7 verbose cache add name=undefined spec="." args=[".",null]
8 verbose parsed url { protocol: null,
8 verbose parsed url   slashes: null,
8 verbose parsed url   auth: null,
8 verbose parsed url   host: null,
8 verbose parsed url   port: null,
8 verbose parsed url   hostname: null,
8 verbose parsed url   hash: null,
8 verbose parsed url   search: null,
8 verbose parsed url   query: null,
8 verbose parsed url   pathname: '.',
8 verbose parsed url   path: '.',
8 verbose parsed url   href: '.' }
9 silly lockFile 3a52ce78- .
10 verbose lock . C:\Users\chenzhengtong\AppData\Roaming\npm-cache\3a52ce78-.lock
11 verbose tar pack [ 'C:\\Users\\chenzhengtong\\AppData\\Roaming\\npm-cache\\te-scaffold\\1.0.1\\package.tgz',
11 verbose tar pack   '.' ]
12 verbose tarball C:\Users\chenzhengtong\AppData\Roaming\npm-cache\te-scaffold\1.0.1\package.tgz
13 verbose folder .
14 info prepublish te-scaffold@1.0.1
15 silly lockFile 1f1177db-tar tar://.
16 verbose lock tar://. C:\Users\chenzhengtong\AppData\Roaming\npm-cache\1f1177db-tar.lock
17 silly lockFile 1ea99051-he-te-scaffold-1-0-1-package-tgz tar://C:\Users\chenzhengtong\AppData\Roaming\npm-cache\te-scaffold\1.0.1\package.tgz
18 verbose lock tar://C:\Users\chenzhengtong\AppData\Roaming\npm-cache\te-scaffold\1.0.1\package.tgz C:\Users\chenzhengtong\AppData\Roaming\npm-cache\1ea99051-he-te-scaffold-1-0-1-package-tgz.lock
19 silly lockFile 1f1177db-tar tar://.
20 silly lockFile 1f1177db-tar tar://.
21 silly lockFile 1ea99051-he-te-scaffold-1-0-1-package-tgz tar://C:\Users\chenzhengtong\AppData\Roaming\npm-cache\te-scaffold\1.0.1\package.tgz
22 silly lockFile 1ea99051-he-te-scaffold-1-0-1-package-tgz tar://C:\Users\chenzhengtong\AppData\Roaming\npm-cache\te-scaffold\1.0.1\package.tgz
23 silly lockFile 4f12fa48--cache-te-scaffold-1-0-1-package C:\Users\chenzhengtong\AppData\Roaming\npm-cache\te-scaffold\1.0.1\package
24 verbose lock C:\Users\chenzhengtong\AppData\Roaming\npm-cache\te-scaffold\1.0.1\package C:\Users\chenzhengtong\AppData\Roaming\npm-cache\4f12fa48--cache-te-scaffold-1-0-1-package.lock
25 silly lockFile 4f12fa48--cache-te-scaffold-1-0-1-package C:\Users\chenzhengtong\AppData\Roaming\npm-cache\te-scaffold\1.0.1\package
26 silly lockFile 4f12fa48--cache-te-scaffold-1-0-1-package C:\Users\chenzhengtong\AppData\Roaming\npm-cache\te-scaffold\1.0.1\package
27 silly lockFile 3a52ce78- .
28 silly lockFile 3a52ce78- .
29 silly publish { name: 'te-scaffold',
29 silly publish   version: '1.0.1',
29 silly publish   description: 'teaera\'s scaffold;',
29 silly publish   scripts: { test: 'echo "Error: no test specified" && exit 1' },
29 silly publish   keywords: [ 'scaffold;' ],
29 silly publish   author: { name: 'TeaEra' },
29 silly publish   license: 'ISC',
29 silly publish   preferGlobal: true,
29 silly publish   bin: { 'te-scaffold': 'index.js' },
29 silly publish   dependencies: { 'fs.extra': '^1.3.2', mkdirp: '^0.5.1', ncp: '^2.0.0' },
29 silly publish   readme: 'ERROR: No README data found!',
29 silly publish   _id: 'te-scaffold@1.0.1',
29 silly publish   _shasum: '2d8e50e60a031ccc1df0b953d2813a8adcd8e1fb',
29 silly publish   _from: '.' }
30 verbose request where is /te-scaffold
31 verbose request registry http://10.134.50.225:4873/
32 verbose request id 33ea72b25043c06e
33 verbose url raw /te-scaffold
34 verbose url resolving [ 'http://10.134.50.225:4873/', './te-scaffold' ]
35 verbose url resolved http://10.134.50.225:4873/te-scaffold
36 verbose request where is http://10.134.50.225:4873/te-scaffold
37 info trying registry request attempt 1 at 12:44:26
38 http PUT http://10.134.50.225:4873/te-scaffold
39 http 409 http://10.134.50.225:4873/te-scaffold
40 verbose headers { 'x-powered-by': 'Sinopia/1.4.0',
40 verbose headers   'content-type': 'application/json; charset=utf-8',
40 verbose headers   'content-length': '49',
40 verbose headers   vary: 'Accept-Encoding',
40 verbose headers   'x-status-cat': 'http://flic.kr/p/aV6jzz',
40 verbose headers   date: 'Sat, 26 Sep 2015 04:44:27 GMT',
40 verbose headers   connection: 'keep-alive' }
41 verbose request where is /te-scaffold?write=true
42 verbose request registry http://10.134.50.225:4873/
43 verbose url raw /te-scaffold?write=true
44 verbose url resolving [ 'http://10.134.50.225:4873/', './te-scaffold?write=true' ]
45 verbose url resolved http://10.134.50.225:4873/te-scaffold?write=true
46 verbose request where is http://10.134.50.225:4873/te-scaffold?write=true
47 info trying registry request attempt 1 at 12:44:26
48 http GET http://10.134.50.225:4873/te-scaffold?write=true
49 http 200 http://10.134.50.225:4873/te-scaffold?write=true
50 error publish fail Cannot publish over existing version.
50 error publish fail Update the 'version' field in package.json and try again.
50 error publish fail
50 error publish fail If the previous version was published in error, see:
50 error publish fail     npm help unpublish
50 error publish fail
50 error publish fail To automatically increment version numbers, see:
50 error publish fail     npm help version
51 error System Windows_NT 6.1.7601
52 error command "C:\\Program Files\\nodejs\\\\node.exe" "C:\\Program Files\\nodejs\\node_modules\\npm\\bin\\npm-cli.js" "publish"
53 error cwd D:\WS_TE\TE_bin\te-scaffold
54 error node -v v0.10.32
55 error npm -v 1.4.28
56 error code EPUBLISHCONFLICT
57 verbose exit [ 1, true ]
